2025-07-18 14:54:31 [restartedMain] ERROR ra.java_service_09.LoggingExample - ERROR level log: Failed to connect to database.
2025-07-18 14:56:16 [restartedMain] ERROR ra.java_service_09.LoggingExample - ERROR level log: Failed to connect to database.
2025-07-18 14:56:27 [restartedMain] ERROR ra.java_service_09.LoggingExample - ERROR level log: Failed to connect to database.
2025-07-18 14:56:53 [restartedMain] ERROR ra.java_service_09.LoggingExample - ERROR level log: Failed to connect to database.
2025-07-18 14:57:25 [restartedMain] ERROR ra.java_service_09.LoggingExample - ERROR level log: Failed to connect to database.
2025-07-18 15:05:22 [restartedMain] ERROR ra.java_service_09.LoggingExample - ERROR level log: Failed to connect to database.
2025-07-18 15:05:38 [restartedMain] ERROR ra.java_service_09.LoggingExample - ERROR level log: Failed to connect to database.
2025-07-18 15:05:41 [restartedMain] ERROR ra.java_service_09.LoggingExample - ERROR level log: Failed to connect to database.
2025-07-18 15:06:34 [restartedMain] ERROR ra.java_service_09.LoggingExample - ERROR level log: Failed to connect to database.
2025-07-18 15:06:37 [http-nio-8080-exec-4] ERROR r.j.controller.DivideController - Error occurred while dividing 10 by 0: / by zero
2025-07-18 15:06:37 [http-nio-8080-exec-4] ERROR r.j.a.GlobalExceptionHandler - Global handler - ArithmeticException: / by zero
2025-07-18 15:06:50 [restartedMain] ERROR ra.java_service_09.LoggingExample - ERROR level log: Failed to connect to database.
2025-07-18 15:06:52 [restartedMain] ERROR ra.java_service_09.LoggingExample - ERROR level log: Failed to connect to database.
2025-07-18 15:09:20 [restartedMain] ERROR ra.java_service_09.LoggingExample - ERROR level log: Failed to connect to database.
2025-07-18 15:09:25 [restartedMain] ERROR ra.java_service_09.LoggingExample - ERROR level log: Failed to connect to database.
2025-07-18 15:09:28 [restartedMain] ERROR ra.java_service_09.LoggingExample - ERROR level log: Failed to connect to database.
2025-07-18 15:09:34 [restartedMain] ERROR ra.java_service_09.LoggingExample - ERROR level log: Failed to connect to database.
2025-07-18 15:09:36 [restartedMain] ERROR ra.java_service_09.LoggingExample - ERROR level log: Failed to connect to database.
2025-07-18 15:09:57 [restartedMain] ERROR ra.java_service_09.LoggingExample - ERROR level log: Failed to connect to database.
2025-07-18 15:10:10 [restartedMain] ERROR ra.java_service_09.LoggingExample - ERROR level log: Failed to connect to database.
2025-07-18 15:10:26 [restartedMain] ERROR ra.java_service_09.LoggingExample - ERROR level log: Failed to connect to database.
2025-07-18 15:10:28 [restartedMain] ERROR ra.java_service_09.LoggingExample - ERROR level log: Failed to connect to database.
2025-07-18 15:11:55 [restartedMain] ERROR ra.java_service_09.LoggingExample - ERROR level log: Failed to connect to database.
2025-07-18 15:12:15 [restartedMain] ERROR ra.java_service_09.LoggingExample - ERROR level log: Failed to connect to database.
2025-07-18 15:12:18 [restartedMain] ERROR ra.java_service_09.LoggingExample - ERROR level log: Failed to connect to database.
2025-07-18 15:12:57 [restartedMain] ERROR ra.java_service_09.LoggingExample - ERROR level log: Failed to connect to database.
2025-07-18 15:12:59 [restartedMain] ERROR ra.java_service_09.LoggingExample - ERROR level log: Failed to connect to database.
2025-07-18 15:13:31 [restartedMain] ERROR ra.java_service_09.LoggingExample - ERROR level log: Failed to connect to database.
2025-07-18 15:14:45 [restartedMain] ERROR o.s.b.d.LoggingFailureAnalysisReporter - 

***************************
APPLICATION FAILED TO START
***************************

Description:

Parameter 0 of method run in ra.java_service_09.JavaService09Application required a bean of type 'ra.java_service_09.LoggingExample' that could not be found.


Action:

Consider defining a bean of type 'ra.java_service_09.LoggingExample' in your configuration.

2025-07-18 15:14:47 [restartedMain] ERROR ra.java_service_09.LoggingExample - ERROR level log: Failed to connect to database.
