2025-07-21 10:38:57 [restartedMain] INFO  r.j.JavaService09Application - Starting JavaService09Application using Java 17.0.12 with PID 5952 (C:\Users\Hi\IdeaProjects\Java_service_09\build\classes\java\main started by Hi in C:\Users\Hi\IdeaProjects\Java_service_09)
2025-07-21 10:38:57 [restartedMain] INFO  r.j.JavaService09Application - No active profile set, falling back to 1 default profile: "default"
2025-07-21 10:38:59 [restartedMain] INFO  com.zaxxer.hikari.HikariDataSource - HikariPool-1 - Starting...
2025-07-21 10:38:59 [restartedMain] INFO  com.zaxxer.hikari.pool.HikariPool - HikariPool-1 - Added connection com.mysql.cj.jdbc.ConnectionImpl@25ca3c94
2025-07-21 10:38:59 [restartedMain] INFO  com.zaxxer.hikari.HikariDataSource - HikariPool-1 - Start completed.
2025-07-21 10:39:00 [restartedMain] INFO  com.zaxxer.hikari.HikariDataSource - HikariPool-1 - Shutdown initiated...
2025-07-21 10:39:00 [restartedMain] INFO  com.zaxxer.hikari.HikariDataSource - HikariPool-1 - Shutdown completed.
2025-07-21 10:39:18 [restartedMain] INFO  r.j.JavaService09Application - Starting JavaService09Application using Java 17.0.12 with PID 4004 (C:\Users\Hi\IdeaProjects\Java_service_09\build\classes\java\main started by Hi in C:\Users\Hi\IdeaProjects\Java_service_09)
2025-07-21 10:39:18 [restartedMain] INFO  r.j.JavaService09Application - No active profile set, falling back to 1 default profile: "default"
2025-07-21 10:39:20 [restartedMain] INFO  com.zaxxer.hikari.HikariDataSource - HikariPool-1 - Starting...
2025-07-21 10:39:20 [restartedMain] INFO  com.zaxxer.hikari.pool.HikariPool - HikariPool-1 - Added connection com.mysql.cj.jdbc.ConnectionImpl@41143d21
2025-07-21 10:39:20 [restartedMain] INFO  com.zaxxer.hikari.HikariDataSource - HikariPool-1 - Start completed.
2025-07-21 10:39:21 [restartedMain] INFO  com.zaxxer.hikari.HikariDataSource - HikariPool-1 - Shutdown initiated...
2025-07-21 10:39:21 [restartedMain] INFO  com.zaxxer.hikari.HikariDataSource - HikariPool-1 - Shutdown completed.
2025-07-21 10:46:19 [restartedMain] INFO  r.j.JavaService09Application - Starting JavaService09Application using Java 17.0.12 with PID 21796 (C:\Users\Hi\IdeaProjects\Java_service_09\build\classes\java\main started by Hi in C:\Users\Hi\IdeaProjects\Java_service_09)
2025-07-21 10:46:19 [restartedMain] INFO  r.j.JavaService09Application - No active profile set, falling back to 1 default profile: "default"
2025-07-21 10:46:21 [restartedMain] INFO  com.zaxxer.hikari.HikariDataSource - HikariPool-1 - Starting...
2025-07-21 10:46:21 [restartedMain] INFO  com.zaxxer.hikari.pool.HikariPool - HikariPool-1 - Added connection com.mysql.cj.jdbc.ConnectionImpl@499523a6
2025-07-21 10:46:21 [restartedMain] INFO  com.zaxxer.hikari.HikariDataSource - HikariPool-1 - Start completed.
2025-07-21 10:46:22 [restartedMain] INFO  com.zaxxer.hikari.HikariDataSource - HikariPool-1 - Shutdown initiated...
2025-07-21 10:46:22 [restartedMain] INFO  com.zaxxer.hikari.HikariDataSource - HikariPool-1 - Shutdown completed.
2025-07-21 10:47:02 [restartedMain] INFO  r.j.JavaService09Application - Starting JavaService09Application using Java 17.0.12 with PID 12088 (C:\Users\Hi\IdeaProjects\Java_service_09\build\classes\java\main started by Hi in C:\Users\Hi\IdeaProjects\Java_service_09)
2025-07-21 10:47:02 [restartedMain] INFO  r.j.JavaService09Application - No active profile set, falling back to 1 default profile: "default"
2025-07-21 10:47:03 [restartedMain] INFO  com.zaxxer.hikari.HikariDataSource - HikariPool-1 - Starting...
2025-07-21 10:47:03 [restartedMain] INFO  com.zaxxer.hikari.pool.HikariPool - HikariPool-1 - Added connection com.mysql.cj.jdbc.ConnectionImpl@40984815
2025-07-21 10:47:03 [restartedMain] INFO  com.zaxxer.hikari.HikariDataSource - HikariPool-1 - Start completed.
2025-07-21 10:47:04 [restartedMain] INFO  com.zaxxer.hikari.HikariDataSource - HikariPool-1 - Shutdown initiated...
2025-07-21 10:47:04 [restartedMain] INFO  com.zaxxer.hikari.HikariDataSource - HikariPool-1 - Shutdown completed.
2025-07-21 10:48:15 [restartedMain] INFO  r.j.JavaService09Application - Starting JavaService09Application using Java 17.0.12 with PID 2876 (C:\Users\Hi\IdeaProjects\Java_service_09\build\classes\java\main started by Hi in C:\Users\Hi\IdeaProjects\Java_service_09)
2025-07-21 10:48:15 [restartedMain] INFO  r.j.JavaService09Application - No active profile set, falling back to 1 default profile: "default"
2025-07-21 10:48:17 [restartedMain] INFO  com.zaxxer.hikari.HikariDataSource - HikariPool-1 - Starting...
2025-07-21 10:48:17 [restartedMain] INFO  com.zaxxer.hikari.pool.HikariPool - HikariPool-1 - Added connection com.mysql.cj.jdbc.ConnectionImpl@407bcc51
2025-07-21 10:48:17 [restartedMain] INFO  com.zaxxer.hikari.HikariDataSource - HikariPool-1 - Start completed.
2025-07-21 10:48:18 [restartedMain] INFO  com.zaxxer.hikari.HikariDataSource - HikariPool-1 - Shutdown initiated...
2025-07-21 10:48:18 [restartedMain] INFO  com.zaxxer.hikari.HikariDataSource - HikariPool-1 - Shutdown completed.
2025-07-21 10:48:32 [restartedMain] INFO  r.j.JavaService09Application - Starting JavaService09Application using Java 17.0.12 with PID 2940 (C:\Users\Hi\IdeaProjects\Java_service_09\build\classes\java\main started by Hi in C:\Users\Hi\IdeaProjects\Java_service_09)
2025-07-21 10:48:32 [restartedMain] INFO  r.j.JavaService09Application - No active profile set, falling back to 1 default profile: "default"
2025-07-21 10:48:33 [restartedMain] INFO  com.zaxxer.hikari.HikariDataSource - HikariPool-1 - Starting...
2025-07-21 10:48:33 [restartedMain] INFO  com.zaxxer.hikari.pool.HikariPool - HikariPool-1 - Added connection com.mysql.cj.jdbc.ConnectionImpl@373e3e9d
2025-07-21 10:48:33 [restartedMain] INFO  com.zaxxer.hikari.HikariDataSource - HikariPool-1 - Start completed.
2025-07-21 10:48:34 [restartedMain] INFO  com.zaxxer.hikari.HikariDataSource - HikariPool-1 - Shutdown initiated...
2025-07-21 10:48:34 [restartedMain] INFO  com.zaxxer.hikari.HikariDataSource - HikariPool-1 - Shutdown completed.
2025-07-21 10:48:42 [restartedMain] INFO  r.j.JavaService09Application - Starting JavaService09Application using Java 17.0.12 with PID 12304 (C:\Users\Hi\IdeaProjects\Java_service_09\build\classes\java\main started by Hi in C:\Users\Hi\IdeaProjects\Java_service_09)
2025-07-21 10:48:42 [restartedMain] INFO  r.j.JavaService09Application - No active profile set, falling back to 1 default profile: "default"
2025-07-21 10:48:44 [restartedMain] INFO  com.zaxxer.hikari.HikariDataSource - HikariPool-1 - Starting...
2025-07-21 10:48:44 [restartedMain] INFO  com.zaxxer.hikari.pool.HikariPool - HikariPool-1 - Added connection com.mysql.cj.jdbc.ConnectionImpl@61b6042c
2025-07-21 10:48:44 [restartedMain] INFO  com.zaxxer.hikari.HikariDataSource - HikariPool-1 - Start completed.
2025-07-21 10:48:45 [restartedMain] INFO  com.zaxxer.hikari.HikariDataSource - HikariPool-1 - Shutdown initiated...
2025-07-21 10:48:45 [restartedMain] INFO  com.zaxxer.hikari.HikariDataSource - HikariPool-1 - Shutdown completed.
2025-07-21 10:48:53 [restartedMain] INFO  r.j.JavaService09Application - Starting JavaService09Application using Java 17.0.12 with PID 8628 (C:\Users\Hi\IdeaProjects\Java_service_09\build\classes\java\main started by Hi in C:\Users\Hi\IdeaProjects\Java_service_09)
2025-07-21 10:48:53 [restartedMain] INFO  r.j.JavaService09Application - No active profile set, falling back to 1 default profile: "default"
2025-07-21 10:48:55 [restartedMain] INFO  com.zaxxer.hikari.HikariDataSource - HikariPool-1 - Starting...
2025-07-21 10:48:55 [restartedMain] INFO  com.zaxxer.hikari.pool.HikariPool - HikariPool-1 - Added connection com.mysql.cj.jdbc.ConnectionImpl@44159496
2025-07-21 10:48:55 [restartedMain] INFO  com.zaxxer.hikari.HikariDataSource - HikariPool-1 - Start completed.
2025-07-21 10:48:55 [restartedMain] INFO  com.zaxxer.hikari.HikariDataSource - HikariPool-1 - Shutdown initiated...
2025-07-21 10:48:56 [restartedMain] INFO  com.zaxxer.hikari.HikariDataSource - HikariPool-1 - Shutdown completed.
2025-07-21 10:49:15 [restartedMain] INFO  r.j.JavaService09Application - Starting JavaService09Application using Java 17.0.12 with PID 18204 (C:\Users\Hi\IdeaProjects\Java_service_09\build\classes\java\main started by Hi in C:\Users\Hi\IdeaProjects\Java_service_09)
2025-07-21 10:49:15 [restartedMain] INFO  r.j.JavaService09Application - No active profile set, falling back to 1 default profile: "default"
2025-07-21 10:49:16 [restartedMain] INFO  com.zaxxer.hikari.HikariDataSource - HikariPool-1 - Starting...
2025-07-21 10:49:17 [restartedMain] INFO  com.zaxxer.hikari.pool.HikariPool - HikariPool-1 - Added connection com.mysql.cj.jdbc.ConnectionImpl@130ea413
2025-07-21 10:49:17 [restartedMain] INFO  com.zaxxer.hikari.HikariDataSource - HikariPool-1 - Start completed.
2025-07-21 10:49:17 [restartedMain] INFO  com.zaxxer.hikari.HikariDataSource - HikariPool-1 - Shutdown initiated...
2025-07-21 10:49:17 [restartedMain] INFO  com.zaxxer.hikari.HikariDataSource - HikariPool-1 - Shutdown completed.
2025-07-21 10:50:56 [restartedMain] INFO  r.j.JavaService09Application - Starting JavaService09Application using Java 17.0.12 with PID 28192 (C:\Users\Hi\IdeaProjects\Java_service_09\build\classes\java\main started by Hi in C:\Users\Hi\IdeaProjects\Java_service_09)
2025-07-21 10:50:56 [restartedMain] INFO  r.j.JavaService09Application - No active profile set, falling back to 1 default profile: "default"
2025-07-21 10:50:58 [restartedMain] INFO  com.zaxxer.hikari.HikariDataSource - HikariPool-1 - Starting...
2025-07-21 10:50:58 [restartedMain] INFO  com.zaxxer.hikari.pool.HikariPool - HikariPool-1 - Added connection com.mysql.cj.jdbc.ConnectionImpl@499523a6
2025-07-21 10:50:58 [restartedMain] INFO  com.zaxxer.hikari.HikariDataSource - HikariPool-1 - Start completed.
2025-07-21 10:50:59 [restartedMain] INFO  r.j.JavaService09Application - Started JavaService09Application in 3.262 seconds (process running for 3.733)
2025-07-21 10:50:59 [restartedMain] INFO  ra.java_service_09.LoggingExample - INFO level log: User has successfully logged in.
2025-07-21 10:51:10 [SpringApplicationShutdownHook] INFO  com.zaxxer.hikari.HikariDataSource - HikariPool-1 - Shutdown initiated...
2025-07-21 10:51:10 [SpringApplicationShutdownHook] INFO  com.zaxxer.hikari.HikariDataSource - HikariPool-1 - Shutdown completed.
2025-07-21 10:51:13 [restartedMain] INFO  r.j.JavaService09Application - Starting JavaService09Application using Java 17.0.12 with PID 5856 (C:\Users\Hi\IdeaProjects\Java_service_09\build\classes\java\main started by Hi in C:\Users\Hi\IdeaProjects\Java_service_09)
2025-07-21 10:51:13 [restartedMain] INFO  r.j.JavaService09Application - No active profile set, falling back to 1 default profile: "default"
2025-07-21 10:51:14 [restartedMain] INFO  com.zaxxer.hikari.HikariDataSource - HikariPool-1 - Starting...
2025-07-21 10:51:14 [restartedMain] INFO  com.zaxxer.hikari.pool.HikariPool - HikariPool-1 - Added connection com.mysql.cj.jdbc.ConnectionImpl@627b99a7
2025-07-21 10:51:14 [restartedMain] INFO  com.zaxxer.hikari.HikariDataSource - HikariPool-1 - Start completed.
2025-07-21 10:51:15 [restartedMain] INFO  r.j.JavaService09Application - Started JavaService09Application in 3.303 seconds (process running for 3.903)
2025-07-21 10:51:15 [restartedMain] INFO  ra.java_service_09.LoggingExample - INFO level log: User has successfully logged in.
2025-07-21 10:51:25 [SpringApplicationShutdownHook] INFO  com.zaxxer.hikari.HikariDataSource - HikariPool-1 - Shutdown initiated...
2025-07-21 10:51:25 [SpringApplicationShutdownHook] INFO  com.zaxxer.hikari.HikariDataSource - HikariPool-1 - Shutdown completed.
